ARImageTracer/androidBuild/launcher/build/intermediates/manifest_merge_blame_file/release/manifest-merger-blame-release-report.txt
1<?xml version="1.0" encoding="utf-8"?>
2<!-- GENERATED BY UNITY. REMOVE THIS COMMENT TO PREVENT OVERWRITING WHEN EXPORTING AGAIN -->
3<manifest xmlns:android="http://schemas.android.com/apk/res/android"
4    package="com.strukovnasamobor.samobornt"
5    android:installLocation="preferExternal"
6    android:versionCode="1"
7    android:versionName="0.1" >
8
9    <uses-sdk
10        android:minSdkVersion="24"
10-->src\main\AndroidManifest.xml
11        android:targetSdkVersion="29" />
11-->src\main\AndroidManifest.xml
12
13    <supports-screens
13-->src\main\AndroidManifest.xml:4:3-163
14        android:anyDensity="true"
14-->src\main\AndroidManifest.xml:4:135-160
15        android:largeScreens="true"
15-->src\main\AndroidManifest.xml:4:78-105
16        android:normalScreens="true"
16-->src\main\AndroidManifest.xml:4:49-77
17        android:smallScreens="true"
17-->src\main\AndroidManifest.xml:4:21-48
18        android:xlargeScreens="true" />
18-->src\main\AndroidManifest.xml:4:106-134
19
20    <uses-feature android:glEsVersion="0x00030000" />
20-->[:unityLibrary] AndroidManifest.xml:12:5-54
20-->[:unityLibrary] AndroidManifest.xml:12:19-51
21
22    <uses-permission android:name="android.permission.INTERNET" />
22-->[:unityLibrary] AndroidManifest.xml:14:5-67
22-->[:unityLibrary] AndroidManifest.xml:14:22-64
23
24    <uses-feature
24-->[:unityLibrary] AndroidManifest.xml:16:5-18:36
25        android:name="android.hardware.touchscreen"
25-->[:unityLibrary] AndroidManifest.xml:17:9-52
26        android:required="false" />
26-->[:unityLibrary] AndroidManifest.xml:18:9-33
27    <uses-feature
27-->[:unityLibrary] AndroidManifest.xml:19:5-21:36
28        android:name="android.hardware.touchscreen.multitouch"
28-->[:unityLibrary] AndroidManifest.xml:20:9-63
29        android:required="false" />
29-->[:unityLibrary] AndroidManifest.xml:21:9-33
30    <uses-feature
30-->[:unityLibrary] AndroidManifest.xml:22:5-24:36
31        android:name="android.hardware.touchscreen.multitouch.distinct"
31-->[:unityLibrary] AndroidManifest.xml:23:9-72
32        android:required="false" />
32-->[:unityLibrary] AndroidManifest.xml:24:9-33
33
34    <uses-permission android:name="android.permission.CAMERA" />
34-->[:unityLibrary] AndroidManifest.xml:26:5-65
34-->[:unityLibrary] AndroidManifest.xml:26:22-62
35
36    <uses-feature
36-->[:unityLibrary] AndroidManifest.xml:28:5-30:35
37        android:name="android.hardware.camera.ar"
37-->[:unityLibrary] AndroidManifest.xml:29:9-50
38        android:required="true" />
38-->[:unityLibrary] AndroidManifest.xml:30:9-32
39
40    <queries>
40-->[:arcore_client:] AndroidManifest.xml:29:5-31:15
41        <package android:name="com.google.ar.core" />
41-->[:arcore_client:] AndroidManifest.xml:30:9-54
41-->[:arcore_client:] AndroidManifest.xml:30:18-51
42    </queries>
43
44    <application
44-->src\main\AndroidManifest.xml:5:3-116
45        android:extractNativeLibs="true"
45-->src\main\AndroidManifest.xml:5:16-48
46        android:icon="@mipmap/app_icon"
46-->src\main\AndroidManifest.xml:5:82-113
47        android:label="@string/app_name" >
47-->src\main\AndroidManifest.xml:5:49-81
48        <activity
48-->[:unityLibrary] AndroidManifest.xml:33:9-46:20
49            android:name="com.unity3d.player.UnityPlayerActivity"
49-->[:unityLibrary] AndroidManifest.xml:34:13-66
50            android:configChanges="mcc|mnc|locale|touchscreen|keyboard|keyboardHidden|navigation|orientation|screenLayout|uiMode|screenSize|smallestScreenSize|fontScale|layoutDirection|density"
50-->[:unityLibrary] AndroidManifest.xml:35:13-194
51            android:hardwareAccelerated="false"
51-->[:unityLibrary] AndroidManifest.xml:36:13-48
52            android:launchMode="singleTask"
52-->[:unityLibrary] AndroidManifest.xml:37:13-44
53            android:screenOrientation="fullSensor"
53-->[:unityLibrary] AndroidManifest.xml:38:13-51
54            android:theme="@style/UnityThemeSelector" >
54-->[:unityLibrary] AndroidManifest.xml:39:13-54
55            <meta-data
55-->[:unityLibrary] AndroidManifest.xml:40:13-42:40
56                android:name="unityplayer.UnityActivity"
56-->[:unityLibrary] AndroidManifest.xml:41:17-57
57                android:value="true" />
57-->[:unityLibrary] AndroidManifest.xml:42:17-37
58            <meta-data
58-->[:unityLibrary] AndroidManifest.xml:43:13-45:40
59                android:name="android.notch_support"
59-->[:unityLibrary] AndroidManifest.xml:44:17-53
60                android:value="true" />
60-->[:unityLibrary] AndroidManifest.xml:45:17-37
61        </activity>
62
63        <meta-data
63-->[:unityLibrary] AndroidManifest.xml:48:9-50:33
64            android:name="unity.splash-mode"
64-->[:unityLibrary] AndroidManifest.xml:49:13-45
65            android:value="0" />
65-->[:unityLibrary] AndroidManifest.xml:50:13-30
66        <meta-data
66-->[:unityLibrary] AndroidManifest.xml:51:9-53:36
67            android:name="unity.splash-enable"
67-->[:unityLibrary] AndroidManifest.xml:52:13-47
68            android:value="True" />
68-->[:unityLibrary] AndroidManifest.xml:53:13-33
69        <meta-data
69-->[:unityLibrary] AndroidManifest.xml:54:9-56:50
70            android:name="notch.config"
70-->[:unityLibrary] AndroidManifest.xml:55:13-40
71            android:value="portrait|landscape" />
71-->[:unityLibrary] AndroidManifest.xml:56:13-47
72        <meta-data
72-->[:unityLibrary] AndroidManifest.xml:57:9-59:68
73            android:name="unity.build-id"
73-->[:unityLibrary] AndroidManifest.xml:58:13-42
74            android:value="3501e109-0c68-46b2-819a-2bac5f86462e" />
74-->[:unityLibrary] AndroidManifest.xml:59:13-65
75        <meta-data
75-->[:unityLibrary] AndroidManifest.xml:60:9-62:36
76            android:name="unityplayer.SkipPermissionsDialog"
76-->[:unityLibrary] AndroidManifest.xml:61:13-61
77            android:value="true" />
77-->[:unityLibrary] AndroidManifest.xml:62:13-33
78        <meta-data
78-->[:unityLibrary] AndroidManifest.xml:63:9-65:40
79            android:name="com.google.ar.core"
79-->[:unityLibrary] AndroidManifest.xml:64:13-46
80            android:value="optional" /> <!-- The minimal version code of ARCore APK required for an app using this SDK. -->
80-->[:unityLibrary] AndroidManifest.xml:65:13-37
81        <meta-data
81-->[:arcore_client:] AndroidManifest.xml:36:9-38:41
82            android:name="com.google.ar.core.min_apk_version"
82-->[:arcore_client:] AndroidManifest.xml:37:13-62
83            android:value="210210000" /> <!-- This activity is critical for installing ARCore when it is not already present. -->
83-->[:arcore_client:] AndroidManifest.xml:38:13-38
84        <activity
84-->[:arcore_client:] AndroidManifest.xml:40:9-46:80
85            android:name="com.google.ar.core.InstallActivity"
85-->[:arcore_client:] AndroidManifest.xml:41:13-62
86            android:configChanges="keyboardHidden|orientation|screenSize"
86-->[:arcore_client:] AndroidManifest.xml:42:13-74
87            android:excludeFromRecents="true"
87-->[:arcore_client:] AndroidManifest.xml:43:13-46
88            android:exported="false"
88-->[:arcore_client:] AndroidManifest.xml:44:13-37
89            android:launchMode="singleTop"
89-->[:arcore_client:] AndroidManifest.xml:45:13-43
90            android:theme="@android:style/Theme.Material.Light.Dialog.Alert" />
90-->[:arcore_client:] AndroidManifest.xml:46:13-77
91    </application>
92
93</manifest>